2018-03-23 13:22:21 INFO  SimpleCORSFilter:24 - SimpleCORSFilter init
2018-03-23 13:22:21 INFO  DispatcherServlet:479 - FrameworkServlet 'mvc-dispatcher': initialization started
2018-03-23 13:22:21 INFO  XmlWebApplicationContext:513 - Refreshing WebApplicationContext for namespace 'mvc-dispatcher-servlet': startup date [Fri Mar 23 13:22:21 EDT 2018]; root of context hierarchy
2018-03-23 13:22:21 INFO  XmlBeanDefinitionReader:316 - Loading XML bean definitions from ServletContext resource [/WEB-INF/spring-config.xml]
2018-03-23 13:22:22 INFO  DriverManagerDataSource:133 - Loaded JDBC driver: com.mysql.jdbc.Driver
2018-03-23 13:22:23 INFO  Version:66 - HCANN000001: Hibernate Commons Annotations {4.0.4.Final}
2018-03-23 13:22:23 INFO  Version:54 - HHH000412: Hibernate Core {4.3.5.Final}
2018-03-23 13:22:23 INFO  Environment:224 - HHH000205: Loaded properties from resource hibernate.properties: {hibernate.show_sql=true, hibernate.bytecode.use_reflection_optimizer=false}
2018-03-23 13:22:23 INFO  Environment:346 - HHH000021: Bytecode provider name : javassist
2018-03-23 13:22:23 INFO  Dialect:145 - HHH000400: Using dialect: org.hibernate.dialect.MySQL5Dialect
2018-03-23 13:22:23 INFO  LobCreatorBuilder:97 - HHH000423: Disabling contextual LOB creation as JDBC driver reported JDBC version [3] less than 4
2018-03-23 13:22:24 INFO  TransactionFactoryInitiator:62 - HHH000399: Using default transaction strategy (direct JDBC transactions)
2018-03-23 13:22:24 INFO  ASTQueryTranslatorFactory:47 - HHH000397: Using ASTQueryTranslatorFactory
2018-03-23 13:22:25 INFO  SimpleCORSFilter:24 - SimpleCORSFilter init
2018-03-23 13:22:25 INFO  RequestMappingHandlerMapping:197 - Mapped "{[/assetdetails/list],methods=[GET],params=[],headers=[],consumes=[],produces=[],custom=[]}" onto public java.lang.Object com.aitacs.ams.controller.AssetDetailsController.getAll(javax.servlet.http.HttpServletRequest)
2018-03-23 13:22:25 INFO  RequestMappingHandlerMapping:197 - Mapped "{[/assetdetails/createAssetDetails],methods=[POST],params=[],headers=[],consumes=[],produces=[],custom=[]}" onto public java.lang.Object com.aitacs.ams.controller.AssetDetailsController.createOrg(com.aitacs.ams.vo.AssetDetailsVO,javax.servlet.http.HttpServletRequest)
2018-03-23 13:22:25 INFO  RequestMappingHandlerMapping:197 - Mapped "{[/assetmodel/list],methods=[GET],params=[],headers=[],consumes=[],produces=[],custom=[]}" onto public java.lang.Object com.aitacs.ams.controller.AssetModelController.getAll(javax.servlet.http.HttpServletRequest)
2018-03-23 13:22:25 INFO  RequestMappingHandlerMapping:197 - Mapped "{[/assetmodel/createAssetModel],methods=[POST],params=[],headers=[],consumes=[],produces=[],custom=[]}" onto public java.lang.Object com.aitacs.ams.controller.AssetModelController.createCategory(com.aitacs.ams.vo.AssetModelVO)
2018-03-23 13:22:25 INFO  RequestMappingHandlerMapping:197 - Mapped "{[/assetstate/list],methods=[GET],params=[],headers=[],consumes=[],produces=[],custom=[]}" onto public java.lang.Object com.aitacs.ams.controller.AssetStateController.getAll(javax.servlet.http.HttpServletRequest)
2018-03-23 13:22:25 INFO  RequestMappingHandlerMapping:197 - Mapped "{[/assetstate/createAssetState],methods=[POST],params=[],headers=[],consumes=[],produces=[],custom=[]}" onto public java.lang.Object com.aitacs.ams.controller.AssetStateController.createOrg(com.aitacs.ams.vo.AssetStateVO,javax.servlet.http.HttpServletRequest)
2018-03-23 13:22:25 INFO  RequestMappingHandlerMapping:197 - Mapped "{[/assettype/list],methods=[GET],params=[],headers=[],consumes=[],produces=[],custom=[]}" onto public java.lang.Object com.aitacs.ams.controller.AssetTypeController.getAll(javax.servlet.http.HttpServletRequest)
2018-03-23 13:22:25 INFO  RequestMappingHandlerMapping:197 - Mapped "{[/assettype/createAssetType],methods=[POST],params=[],headers=[],consumes=[],produces=[],custom=[]}" onto public java.lang.Object com.aitacs.ams.controller.AssetTypeController.createOrg(com.aitacs.ams.vo.AssetTypeVO,javax.servlet.http.HttpServletRequest)
2018-03-23 13:22:25 INFO  RequestMappingHandlerMapping:197 - Mapped "{[/assettype/getAssetTypesByOranizationId/{orgId}],methods=[GET],params=[],headers=[],consumes=[],produces=[],custom=[]}" onto public java.lang.Object com.aitacs.ams.controller.AssetTypeController.getAssetTypesByOranizationId(java.lang.Long,javax.servlet.http.HttpServletRequest)
2018-03-23 13:22:25 INFO  RequestMappingHandlerMapping:197 - Mapped "{[/category/list],methods=[GET],params=[],headers=[],consumes=[],produces=[],custom=[]}" onto public java.lang.Object com.aitacs.ams.controller.CategoryController.getAll(javax.servlet.http.HttpServletRequest)
2018-03-23 13:22:25 INFO  RequestMappingHandlerMapping:197 - Mapped "{[/category/createCategory],methods=[POST],params=[],headers=[],consumes=[],produces=[],custom=[]}" onto public java.lang.Object com.aitacs.ams.controller.CategoryController.createCategory(com.aitacs.ams.vo.CategoryVO)
2018-03-23 13:22:25 INFO  RequestMappingHandlerMapping:197 - Mapped "{[/login/verifyLogin],methods=[POST],params=[],headers=[],consumes=[application/json],produces=[],custom=[]}" onto public java.lang.Object com.aitacs.ams.controller.LoginController.verifyLogin(com.aitacs.ams.vo.UserVO,javax.servlet.http.HttpServletRequest)
2018-03-23 13:22:25 INFO  RequestMappingHandlerMapping:197 - Mapped "{[/orgBranch/list],methods=[GET],params=[],headers=[],consumes=[],produces=[],custom=[]}" onto public java.lang.Object com.aitacs.ams.controller.OrganizationBranchController.getAll(javax.servlet.http.HttpServletRequest)
2018-03-23 13:22:25 INFO  RequestMappingHandlerMapping:197 - Mapped "{[/orgBranch/createBranch],methods=[POST],params=[],headers=[],consumes=[application/json],produces=[],custom=[]}" onto public java.lang.Object com.aitacs.ams.controller.OrganizationBranchController.createOrg(com.aitacs.ams.vo.OrganizationBranchDetailsVO,javax.servlet.http.HttpServletRequest)
2018-03-23 13:22:25 INFO  RequestMappingHandlerMapping:197 - Mapped "{[/org/list],methods=[GET],params=[],headers=[],consumes=[],produces=[],custom=[]}" onto public java.lang.Object com.aitacs.ams.controller.OrganizationController.getAll(javax.servlet.http.HttpServletRequest)
2018-03-23 13:22:25 INFO  RequestMappingHandlerMapping:197 - Mapped "{[/org/createOrg],methods=[POST],params=[],headers=[],consumes=[],produces=[],custom=[]}" onto public java.lang.Object com.aitacs.ams.controller.OrganizationController.createOrg(com.aitacs.ams.vo.OrganizationDetailsVO,javax.servlet.http.HttpServletRequest)
2018-03-23 13:22:25 INFO  RequestMappingHandlerMapping:197 - Mapped "{[/org/{orgId}],methods=[GET],params=[],headers=[],consumes=[],produces=[],custom=[]}" onto public java.lang.Object com.aitacs.ams.controller.OrganizationController.getOrganizationById(java.lang.Long,javax.servlet.http.HttpServletRequest)
2018-03-23 13:22:25 INFO  RequestMappingHandlerMapping:197 - Mapped "{[/orgDepartment/list],methods=[GET],params=[],headers=[],consumes=[],produces=[],custom=[]}" onto public java.lang.Object com.aitacs.ams.controller.OrganizationDepartmentController.getAll(javax.servlet.http.HttpServletRequest)
2018-03-23 13:22:25 INFO  RequestMappingHandlerMapping:197 - Mapped "{[/orgDepartment/createOrgDepartment],methods=[POST],params=[],headers=[],consumes=[],produces=[],custom=[]}" onto public java.lang.Object com.aitacs.ams.controller.OrganizationDepartmentController.createOrgDepartment(com.aitacs.ams.vo.OrgDepartmentsVO,javax.servlet.http.HttpServletRequest)
2018-03-23 13:22:25 INFO  RequestMappingHandlerMapping:197 - Mapped "{[/orgDepartment/getBranchDepartments/{branchId}],methods=[GET],params=[],headers=[],consumes=[],produces=[],custom=[]}" onto public java.lang.Object com.aitacs.ams.controller.OrganizationDepartmentController.getBranchDepartments(java.lang.Long,javax.servlet.http.HttpServletRequest)
2018-03-23 13:22:25 INFO  RequestMappingHandlerMapping:197 - Mapped "{[/software/list],methods=[GET],params=[],headers=[],consumes=[],produces=[],custom=[]}" onto public java.lang.Object com.aitacs.ams.controller.SoftwareController.getAll(javax.servlet.http.HttpServletRequest)
2018-03-23 13:22:25 INFO  RequestMappingHandlerMapping:197 - Mapped "{[/software/createSoftware],methods=[POST],params=[],headers=[],consumes=[],produces=[],custom=[]}" onto public java.lang.Object com.aitacs.ams.controller.SoftwareController.createSoftware(com.aitacs.ams.vo.SoftwareVO,javax.servlet.http.HttpServletRequest)
2018-03-23 13:22:25 INFO  RequestMappingHandlerMapping:197 - Mapped "{[/user/list],methods=[GET],params=[],headers=[],consumes=[],produces=[],custom=[]}" onto public java.lang.Object com.aitacs.ams.controller.UserController.getAll(javax.servlet.http.HttpServletRequest)
2018-03-23 13:22:25 INFO  RequestMappingHandlerMapping:197 - Mapped "{[/user/createUser],methods=[POST],params=[],headers=[],consumes=[],produces=[],custom=[]}" onto public java.lang.Object com.aitacs.ams.controller.UserController.createOrg(com.aitacs.ams.vo.UserVO,javax.servlet.http.HttpServletRequest)
2018-03-23 13:22:25 INFO  RequestMappingHandlerMapping:197 - Mapped "{[/vendor/list],methods=[GET],params=[],headers=[],consumes=[],produces=[],custom=[]}" onto public java.lang.Object com.aitacs.ams.controller.VendorController.getAll(javax.servlet.http.HttpServletRequest)
2018-03-23 13:22:25 INFO  RequestMappingHandlerMapping:197 - Mapped "{[/vendor/createVendor],methods=[POST],params=[],headers=[],consumes=[],produces=[],custom=[]}" onto public java.lang.Object com.aitacs.ams.controller.VendorController.createVendor(com.aitacs.ams.vo.VendorVO,javax.servlet.http.HttpServletRequest)
2018-03-23 13:22:25 INFO  RequestMappingHandlerMapping:197 - Mapped "{[/workprocessor/list],methods=[GET],params=[],headers=[],consumes=[],produces=[],custom=[]}" onto public java.lang.Object com.aitacs.ams.controller.WorkProcessorController.getAll(javax.servlet.http.HttpServletRequest)
2018-03-23 13:22:25 INFO  RequestMappingHandlerMapping:197 - Mapped "{[/WorkStation/list],methods=[GET],params=[],headers=[],consumes=[],produces=[],custom=[]}" onto public java.lang.Object com.aitacs.ams.controller.WorkSationController.getAll(javax.servlet.http.HttpServletRequest)
2018-03-23 13:22:25 INFO  RequestMappingHandlerMapping:197 - Mapped "{[/WorkStation/createWorkStation],methods=[POST],params=[],headers=[],consumes=[],produces=[],custom=[]}" onto public java.lang.Object com.aitacs.ams.controller.WorkSationController.createOrg(com.aitacs.ams.vo.WorkStationVO,javax.servlet.http.HttpServletRequest)
2018-03-23 13:22:25 INFO  RequestMappingHandlerMapping:197 - Mapped "{[/workstationotherdetails/list],methods=[GET],params=[],headers=[],consumes=[],produces=[],custom=[]}" onto public java.lang.Object com.aitacs.ams.controller.WorkStationOtherDetailsController.getAll(javax.servlet.http.HttpServletRequest)
2018-03-23 13:22:26 INFO  HibernateTransactionManager:339 - Using DataSource [org.springframework.jdbc.datasource.DriverManagerDataSource@626e728b] of Hibernate SessionFactory for HibernateTransactionManager
2018-03-23 13:22:26 INFO  DispatcherServlet:498 - FrameworkServlet 'mvc-dispatcher': initialization completed in 4732 ms
2018-03-23 13:34:12 DEBUG CategoryController:32 - enter into verify login controller 
2018-03-23 13:34:12 DEBUG AssetTypeController:34 - enter into verify login controller 
2018-03-23 13:34:12 DEBUG AssetTypeServiceImpl:44 - entering into assettype service
2018-03-23 13:34:12 DEBUG CategoryServiceImpl:42 - entering into category service
2018-03-23 13:34:12 DEBUG AssetTypeController:34 - enter into verify login controller 
2018-03-23 13:34:12 DEBUG AssetTypeServiceImpl:44 - entering into assettype service
2018-03-23 13:48:50 INFO  SimpleCORSFilter:24 - SimpleCORSFilter init
2018-03-23 13:48:50 INFO  DispatcherServlet:479 - FrameworkServlet 'mvc-dispatcher': initialization started
2018-03-23 13:48:50 INFO  XmlWebApplicationContext:513 - Refreshing WebApplicationContext for namespace 'mvc-dispatcher-servlet': startup date [Fri Mar 23 13:48:50 EDT 2018]; root of context hierarchy
2018-03-23 13:48:50 INFO  XmlBeanDefinitionReader:316 - Loading XML bean definitions from ServletContext resource [/WEB-INF/spring-config.xml]
2018-03-23 13:48:51 INFO  DriverManagerDataSource:133 - Loaded JDBC driver: com.mysql.jdbc.Driver
2018-03-23 13:48:51 INFO  Version:66 - HCANN000001: Hibernate Commons Annotations {4.0.4.Final}
2018-03-23 13:48:51 INFO  Version:54 - HHH000412: Hibernate Core {4.3.5.Final}
2018-03-23 13:48:51 INFO  Environment:224 - HHH000205: Loaded properties from resource hibernate.properties: {hibernate.show_sql=true, hibernate.bytecode.use_reflection_optimizer=false}
2018-03-23 13:48:51 INFO  Environment:346 - HHH000021: Bytecode provider name : javassist
2018-03-23 13:48:52 INFO  Dialect:145 - HHH000400: Using dialect: org.hibernate.dialect.MySQL5Dialect
2018-03-23 13:48:52 INFO  LobCreatorBuilder:97 - HHH000423: Disabling contextual LOB creation as JDBC driver reported JDBC version [3] less than 4
2018-03-23 13:48:52 INFO  TransactionFactoryInitiator:62 - HHH000399: Using default transaction strategy (direct JDBC transactions)
2018-03-23 13:48:52 INFO  ASTQueryTranslatorFactory:47 - HHH000397: Using ASTQueryTranslatorFactory
2018-03-23 13:48:53 INFO  SimpleCORSFilter:24 - SimpleCORSFilter init
2018-03-23 13:48:53 INFO  RequestMappingHandlerMapping:197 - Mapped "{[/assetdetails/list],methods=[GET],params=[],headers=[],consumes=[],produces=[],custom=[]}" onto public java.lang.Object com.aitacs.ams.controller.AssetDetailsController.getAll(javax.servlet.http.HttpServletRequest)
2018-03-23 13:48:53 INFO  RequestMappingHandlerMapping:197 - Mapped "{[/assetdetails/createAssetDetails],methods=[POST],params=[],headers=[],consumes=[],produces=[],custom=[]}" onto public java.lang.Object com.aitacs.ams.controller.AssetDetailsController.createOrg(com.aitacs.ams.vo.AssetDetailsVO,javax.servlet.http.HttpServletRequest)
2018-03-23 13:48:53 INFO  RequestMappingHandlerMapping:197 - Mapped "{[/assetmodel/list],methods=[GET],params=[],headers=[],consumes=[],produces=[],custom=[]}" onto public java.lang.Object com.aitacs.ams.controller.AssetModelController.getAll(javax.servlet.http.HttpServletRequest)
2018-03-23 13:48:53 INFO  RequestMappingHandlerMapping:197 - Mapped "{[/assetmodel/createAssetModel],methods=[POST],params=[],headers=[],consumes=[],produces=[],custom=[]}" onto public java.lang.Object com.aitacs.ams.controller.AssetModelController.createCategory(com.aitacs.ams.vo.AssetModelVO)
2018-03-23 13:48:53 INFO  RequestMappingHandlerMapping:197 - Mapped "{[/assetstate/list],methods=[GET],params=[],headers=[],consumes=[],produces=[],custom=[]}" onto public java.lang.Object com.aitacs.ams.controller.AssetStateController.getAll(javax.servlet.http.HttpServletRequest)
2018-03-23 13:48:53 INFO  RequestMappingHandlerMapping:197 - Mapped "{[/assetstate/createAssetState],methods=[POST],params=[],headers=[],consumes=[],produces=[],custom=[]}" onto public java.lang.Object com.aitacs.ams.controller.AssetStateController.createOrg(com.aitacs.ams.vo.AssetStateVO,javax.servlet.http.HttpServletRequest)
2018-03-23 13:48:53 INFO  RequestMappingHandlerMapping:197 - Mapped "{[/assettype/list],methods=[GET],params=[],headers=[],consumes=[],produces=[],custom=[]}" onto public java.lang.Object com.aitacs.ams.controller.AssetTypeController.getAll(javax.servlet.http.HttpServletRequest)
2018-03-23 13:48:53 INFO  RequestMappingHandlerMapping:197 - Mapped "{[/assettype/createAssetType],methods=[POST],params=[],headers=[],consumes=[],produces=[],custom=[]}" onto public java.lang.Object com.aitacs.ams.controller.AssetTypeController.createOrg(com.aitacs.ams.vo.AssetTypeVO,javax.servlet.http.HttpServletRequest)
2018-03-23 13:48:53 INFO  RequestMappingHandlerMapping:197 - Mapped "{[/assettype/getAssetTypesByOranizationId/{orgId}],methods=[GET],params=[],headers=[],consumes=[],produces=[],custom=[]}" onto public java.lang.Object com.aitacs.ams.controller.AssetTypeController.getAssetTypesByOranizationId(java.lang.Long,javax.servlet.http.HttpServletRequest)
2018-03-23 13:48:53 INFO  RequestMappingHandlerMapping:197 - Mapped "{[/category/list],methods=[GET],params=[],headers=[],consumes=[],produces=[],custom=[]}" onto public java.lang.Object com.aitacs.ams.controller.CategoryController.getAll(javax.servlet.http.HttpServletRequest)
2018-03-23 13:48:53 INFO  RequestMappingHandlerMapping:197 - Mapped "{[/category/createCategory],methods=[POST],params=[],headers=[],consumes=[],produces=[],custom=[]}" onto public java.lang.Object com.aitacs.ams.controller.CategoryController.createCategory(com.aitacs.ams.vo.CategoryVO)
2018-03-23 13:48:53 INFO  RequestMappingHandlerMapping:197 - Mapped "{[/login/verifyLogin],methods=[POST],params=[],headers=[],consumes=[application/json],produces=[],custom=[]}" onto public java.lang.Object com.aitacs.ams.controller.LoginController.verifyLogin(com.aitacs.ams.vo.UserVO,javax.servlet.http.HttpServletRequest)
2018-03-23 13:48:53 INFO  RequestMappingHandlerMapping:197 - Mapped "{[/orgBranch/list],methods=[GET],params=[],headers=[],consumes=[],produces=[],custom=[]}" onto public java.lang.Object com.aitacs.ams.controller.OrganizationBranchController.getAll(javax.servlet.http.HttpServletRequest)
2018-03-23 13:48:53 INFO  RequestMappingHandlerMapping:197 - Mapped "{[/orgBranch/createBranch],methods=[POST],params=[],headers=[],consumes=[application/json],produces=[],custom=[]}" onto public java.lang.Object com.aitacs.ams.controller.OrganizationBranchController.createOrg(com.aitacs.ams.vo.OrganizationBranchDetailsVO,javax.servlet.http.HttpServletRequest)
2018-03-23 13:48:53 INFO  RequestMappingHandlerMapping:197 - Mapped "{[/org/list],methods=[GET],params=[],headers=[],consumes=[],produces=[],custom=[]}" onto public java.lang.Object com.aitacs.ams.controller.OrganizationController.getAll(javax.servlet.http.HttpServletRequest)
2018-03-23 13:48:53 INFO  RequestMappingHandlerMapping:197 - Mapped "{[/org/{orgId}],methods=[GET],params=[],headers=[],consumes=[],produces=[],custom=[]}" onto public java.lang.Object com.aitacs.ams.controller.OrganizationController.getOrganizationById(java.lang.Long,javax.servlet.http.HttpServletRequest)
2018-03-23 13:48:53 INFO  RequestMappingHandlerMapping:197 - Mapped "{[/org/createOrg],methods=[POST],params=[],headers=[],consumes=[],produces=[],custom=[]}" onto public java.lang.Object com.aitacs.ams.controller.OrganizationController.createOrg(com.aitacs.ams.vo.OrganizationDetailsVO,javax.servlet.http.HttpServletRequest)
2018-03-23 13:48:53 INFO  RequestMappingHandlerMapping:197 - Mapped "{[/orgDepartment/createOrgDepartment],methods=[POST],params=[],headers=[],consumes=[],produces=[],custom=[]}" onto public java.lang.Object com.aitacs.ams.controller.OrganizationDepartmentController.createOrgDepartment(com.aitacs.ams.vo.OrgDepartmentsVO,javax.servlet.http.HttpServletRequest)
2018-03-23 13:48:53 INFO  RequestMappingHandlerMapping:197 - Mapped "{[/orgDepartment/list],methods=[GET],params=[],headers=[],consumes=[],produces=[],custom=[]}" onto public java.lang.Object com.aitacs.ams.controller.OrganizationDepartmentController.getAll(javax.servlet.http.HttpServletRequest)
2018-03-23 13:48:53 INFO  RequestMappingHandlerMapping:197 - Mapped "{[/orgDepartment/getBranchDepartments/{branchId}],methods=[GET],params=[],headers=[],consumes=[],produces=[],custom=[]}" onto public java.lang.Object com.aitacs.ams.controller.OrganizationDepartmentController.getBranchDepartments(java.lang.Long,javax.servlet.http.HttpServletRequest)
2018-03-23 13:48:53 INFO  RequestMappingHandlerMapping:197 - Mapped "{[/software/list],methods=[GET],params=[],headers=[],consumes=[],produces=[],custom=[]}" onto public java.lang.Object com.aitacs.ams.controller.SoftwareController.getAll(javax.servlet.http.HttpServletRequest)
2018-03-23 13:48:53 INFO  RequestMappingHandlerMapping:197 - Mapped "{[/software/createSoftware],methods=[POST],params=[],headers=[],consumes=[],produces=[],custom=[]}" onto public java.lang.Object com.aitacs.ams.controller.SoftwareController.createSoftware(com.aitacs.ams.vo.SoftwareVO,javax.servlet.http.HttpServletRequest)
2018-03-23 13:48:53 INFO  RequestMappingHandlerMapping:197 - Mapped "{[/user/list],methods=[GET],params=[],headers=[],consumes=[],produces=[],custom=[]}" onto public java.lang.Object com.aitacs.ams.controller.UserController.getAll(javax.servlet.http.HttpServletRequest)
2018-03-23 13:48:53 INFO  RequestMappingHandlerMapping:197 - Mapped "{[/user/createUser],methods=[POST],params=[],headers=[],consumes=[],produces=[],custom=[]}" onto public java.lang.Object com.aitacs.ams.controller.UserController.createOrg(com.aitacs.ams.vo.UserVO,javax.servlet.http.HttpServletRequest)
2018-03-23 13:48:53 INFO  RequestMappingHandlerMapping:197 - Mapped "{[/vendor/list],methods=[GET],params=[],headers=[],consumes=[],produces=[],custom=[]}" onto public java.lang.Object com.aitacs.ams.controller.VendorController.getAll(javax.servlet.http.HttpServletRequest)
2018-03-23 13:48:53 INFO  RequestMappingHandlerMapping:197 - Mapped "{[/vendor/createVendor],methods=[POST],params=[],headers=[],consumes=[],produces=[],custom=[]}" onto public java.lang.Object com.aitacs.ams.controller.VendorController.createVendor(com.aitacs.ams.vo.VendorVO,javax.servlet.http.HttpServletRequest)
2018-03-23 13:48:53 INFO  RequestMappingHandlerMapping:197 - Mapped "{[/workprocessor/list],methods=[GET],params=[],headers=[],consumes=[],produces=[],custom=[]}" onto public java.lang.Object com.aitacs.ams.controller.WorkProcessorController.getAll(javax.servlet.http.HttpServletRequest)
2018-03-23 13:48:53 INFO  RequestMappingHandlerMapping:197 - Mapped "{[/WorkStation/list],methods=[GET],params=[],headers=[],consumes=[],produces=[],custom=[]}" onto public java.lang.Object com.aitacs.ams.controller.WorkSationController.getAll(javax.servlet.http.HttpServletRequest)
2018-03-23 13:48:53 INFO  RequestMappingHandlerMapping:197 - Mapped "{[/WorkStation/createWorkStation],methods=[POST],params=[],headers=[],consumes=[],produces=[],custom=[]}" onto public java.lang.Object com.aitacs.ams.controller.WorkSationController.createOrg(com.aitacs.ams.vo.WorkStationVO,javax.servlet.http.HttpServletRequest)
2018-03-23 13:48:53 INFO  RequestMappingHandlerMapping:197 - Mapped "{[/workstationotherdetails/list],methods=[GET],params=[],headers=[],consumes=[],produces=[],custom=[]}" onto public java.lang.Object com.aitacs.ams.controller.WorkStationOtherDetailsController.getAll(javax.servlet.http.HttpServletRequest)
2018-03-23 13:48:53 INFO  HibernateTransactionManager:339 - Using DataSource [org.springframework.jdbc.datasource.DriverManagerDataSource@408b16a7] of Hibernate SessionFactory for HibernateTransactionManager
2018-03-23 13:48:53 INFO  DispatcherServlet:498 - FrameworkServlet 'mvc-dispatcher': initialization completed in 3414 ms
2018-03-23 14:26:13 INFO  SimpleCORSFilter:24 - SimpleCORSFilter init
2018-03-23 14:26:13 INFO  DispatcherServlet:479 - FrameworkServlet 'mvc-dispatcher': initialization started
2018-03-23 14:26:13 INFO  XmlWebApplicationContext:513 - Refreshing WebApplicationContext for namespace 'mvc-dispatcher-servlet': startup date [Fri Mar 23 14:26:13 EDT 2018]; root of context hierarchy
2018-03-23 14:26:13 INFO  XmlBeanDefinitionReader:316 - Loading XML bean definitions from ServletContext resource [/WEB-INF/spring-config.xml]
2018-03-23 14:26:14 INFO  DriverManagerDataSource:133 - Loaded JDBC driver: com.mysql.jdbc.Driver
2018-03-23 14:26:14 INFO  Version:66 - HCANN000001: Hibernate Commons Annotations {4.0.4.Final}
2018-03-23 14:26:14 INFO  Version:54 - HHH000412: Hibernate Core {4.3.5.Final}
2018-03-23 14:26:14 INFO  Environment:224 - HHH000205: Loaded properties from resource hibernate.properties: {hibernate.show_sql=true, hibernate.bytecode.use_reflection_optimizer=false}
2018-03-23 14:26:14 INFO  Environment:346 - HHH000021: Bytecode provider name : javassist
2018-03-23 14:26:14 INFO  Dialect:145 - HHH000400: Using dialect: org.hibernate.dialect.MySQL5Dialect
2018-03-23 14:26:14 INFO  LobCreatorBuilder:97 - HHH000423: Disabling contextual LOB creation as JDBC driver reported JDBC version [3] less than 4
2018-03-23 14:26:15 INFO  TransactionFactoryInitiator:62 - HHH000399: Using default transaction strategy (direct JDBC transactions)
2018-03-23 14:26:15 INFO  ASTQueryTranslatorFactory:47 - HHH000397: Using ASTQueryTranslatorFactory
2018-03-23 14:26:15 INFO  SimpleCORSFilter:24 - SimpleCORSFilter init
2018-03-23 14:26:16 INFO  RequestMappingHandlerMapping:197 - Mapped "{[/assetdetails/list],methods=[GET],params=[],headers=[],consumes=[],produces=[],custom=[]}" onto public java.lang.Object com.aitacs.ams.controller.AssetDetailsController.getAll(javax.servlet.http.HttpServletRequest)
2018-03-23 14:26:16 INFO  RequestMappingHandlerMapping:197 - Mapped "{[/assetdetails/createAssetDetails],methods=[POST],params=[],headers=[],consumes=[],produces=[],custom=[]}" onto public java.lang.Object com.aitacs.ams.controller.AssetDetailsController.createOrg(com.aitacs.ams.vo.AssetDetailsVO,javax.servlet.http.HttpServletRequest)
2018-03-23 14:26:16 INFO  RequestMappingHandlerMapping:197 - Mapped "{[/assetmodel/list],methods=[GET],params=[],headers=[],consumes=[],produces=[],custom=[]}" onto public java.lang.Object com.aitacs.ams.controller.AssetModelController.getAll(javax.servlet.http.HttpServletRequest)
2018-03-23 14:26:16 INFO  RequestMappingHandlerMapping:197 - Mapped "{[/assetmodel/createAssetModel],methods=[POST],params=[],headers=[],consumes=[],produces=[],custom=[]}" onto public java.lang.Object com.aitacs.ams.controller.AssetModelController.createCategory(com.aitacs.ams.vo.AssetModelVO)
2018-03-23 14:26:16 INFO  RequestMappingHandlerMapping:197 - Mapped "{[/assetstate/list],methods=[GET],params=[],headers=[],consumes=[],produces=[],custom=[]}" onto public java.lang.Object com.aitacs.ams.controller.AssetStateController.getAll(javax.servlet.http.HttpServletRequest)
2018-03-23 14:26:16 INFO  RequestMappingHandlerMapping:197 - Mapped "{[/assetstate/createAssetState],methods=[POST],params=[],headers=[],consumes=[],produces=[],custom=[]}" onto public java.lang.Object com.aitacs.ams.controller.AssetStateController.createOrg(com.aitacs.ams.vo.AssetStateVO,javax.servlet.http.HttpServletRequest)
2018-03-23 14:26:16 INFO  RequestMappingHandlerMapping:197 - Mapped "{[/assettype/list],methods=[GET],params=[],headers=[],consumes=[],produces=[],custom=[]}" onto public java.lang.Object com.aitacs.ams.controller.AssetTypeController.getAll(javax.servlet.http.HttpServletRequest)
2018-03-23 14:26:16 INFO  RequestMappingHandlerMapping:197 - Mapped "{[/assettype/getAssetTypesByOranizationId/{orgId}],methods=[GET],params=[],headers=[],consumes=[],produces=[],custom=[]}" onto public java.lang.Object com.aitacs.ams.controller.AssetTypeController.getAssetTypesByOranizationId(java.lang.Long,javax.servlet.http.HttpServletRequest)
2018-03-23 14:26:16 INFO  RequestMappingHandlerMapping:197 - Mapped "{[/assettype/createAssetType],methods=[POST],params=[],headers=[],consumes=[],produces=[],custom=[]}" onto public java.lang.Object com.aitacs.ams.controller.AssetTypeController.createOrg(com.aitacs.ams.vo.AssetTypeVO,javax.servlet.http.HttpServletRequest)
2018-03-23 14:26:16 INFO  RequestMappingHandlerMapping:197 - Mapped "{[/category/list],methods=[GET],params=[],headers=[],consumes=[],produces=[],custom=[]}" onto public java.lang.Object com.aitacs.ams.controller.CategoryController.getAll(javax.servlet.http.HttpServletRequest)
2018-03-23 14:26:16 INFO  RequestMappingHandlerMapping:197 - Mapped "{[/category/createCategory],methods=[POST],params=[],headers=[],consumes=[],produces=[],custom=[]}" onto public java.lang.Object com.aitacs.ams.controller.CategoryController.createCategory(com.aitacs.ams.vo.CategoryVO)
2018-03-23 14:26:16 INFO  RequestMappingHandlerMapping:197 - Mapped "{[/login/verifyLogin],methods=[POST],params=[],headers=[],consumes=[application/json],produces=[],custom=[]}" onto public java.lang.Object com.aitacs.ams.controller.LoginController.verifyLogin(com.aitacs.ams.vo.UserVO,javax.servlet.http.HttpServletRequest)
2018-03-23 14:26:16 INFO  RequestMappingHandlerMapping:197 - Mapped "{[/orgBranch/list],methods=[GET],params=[],headers=[],consumes=[],produces=[],custom=[]}" onto public java.lang.Object com.aitacs.ams.controller.OrganizationBranchController.getAll(javax.servlet.http.HttpServletRequest)
2018-03-23 14:26:16 INFO  RequestMappingHandlerMapping:197 - Mapped "{[/orgBranch/createBranch],methods=[POST],params=[],headers=[],consumes=[application/json],produces=[],custom=[]}" onto public java.lang.Object com.aitacs.ams.controller.OrganizationBranchController.createOrg(com.aitacs.ams.vo.OrganizationBranchDetailsVO,javax.servlet.http.HttpServletRequest)
2018-03-23 14:26:16 INFO  RequestMappingHandlerMapping:197 - Mapped "{[/org/list],methods=[GET],params=[],headers=[],consumes=[],produces=[],custom=[]}" onto public java.lang.Object com.aitacs.ams.controller.OrganizationController.getAll(javax.servlet.http.HttpServletRequest)
2018-03-23 14:26:16 INFO  RequestMappingHandlerMapping:197 - Mapped "{[/org/{orgId}],methods=[GET],params=[],headers=[],consumes=[],produces=[],custom=[]}" onto public java.lang.Object com.aitacs.ams.controller.OrganizationController.getOrganizationById(java.lang.Long,javax.servlet.http.HttpServletRequest)
2018-03-23 14:26:16 INFO  RequestMappingHandlerMapping:197 - Mapped "{[/org/createOrg],methods=[POST],params=[],headers=[],consumes=[],produces=[],custom=[]}" onto public java.lang.Object com.aitacs.ams.controller.OrganizationController.createOrg(com.aitacs.ams.vo.OrganizationDetailsVO,javax.servlet.http.HttpServletRequest)
2018-03-23 14:26:16 INFO  RequestMappingHandlerMapping:197 - Mapped "{[/orgDepartment/list],methods=[GET],params=[],headers=[],consumes=[],produces=[],custom=[]}" onto public java.lang.Object com.aitacs.ams.controller.OrganizationDepartmentController.getAll(javax.servlet.http.HttpServletRequest)
2018-03-23 14:26:16 INFO  RequestMappingHandlerMapping:197 - Mapped "{[/orgDepartment/getBranchDepartments/{branchId}],methods=[GET],params=[],headers=[],consumes=[],produces=[],custom=[]}" onto public java.lang.Object com.aitacs.ams.controller.OrganizationDepartmentController.getBranchDepartments(java.lang.Long,javax.servlet.http.HttpServletRequest)
2018-03-23 14:26:16 INFO  RequestMappingHandlerMapping:197 - Mapped "{[/orgDepartment/createOrgDepartment],methods=[POST],params=[],headers=[],consumes=[],produces=[],custom=[]}" onto public java.lang.Object com.aitacs.ams.controller.OrganizationDepartmentController.createOrgDepartment(com.aitacs.ams.vo.OrgDepartmentsVO,javax.servlet.http.HttpServletRequest)
2018-03-23 14:26:16 INFO  RequestMappingHandlerMapping:197 - Mapped "{[/software/list],methods=[GET],params=[],headers=[],consumes=[],produces=[],custom=[]}" onto public java.lang.Object com.aitacs.ams.controller.SoftwareController.getAll(javax.servlet.http.HttpServletRequest)
2018-03-23 14:26:16 INFO  RequestMappingHandlerMapping:197 - Mapped "{[/software/createSoftware],methods=[POST],params=[],headers=[],consumes=[],produces=[],custom=[]}" onto public java.lang.Object com.aitacs.ams.controller.SoftwareController.createSoftware(com.aitacs.ams.vo.SoftwareVO,javax.servlet.http.HttpServletRequest)
2018-03-23 14:26:16 INFO  RequestMappingHandlerMapping:197 - Mapped "{[/user/list],methods=[GET],params=[],headers=[],consumes=[],produces=[],custom=[]}" onto public java.lang.Object com.aitacs.ams.controller.UserController.getAll(javax.servlet.http.HttpServletRequest)
2018-03-23 14:26:16 INFO  RequestMappingHandlerMapping:197 - Mapped "{[/user/createUser],methods=[POST],params=[],headers=[],consumes=[],produces=[],custom=[]}" onto public java.lang.Object com.aitacs.ams.controller.UserController.createOrg(com.aitacs.ams.vo.UserVO,javax.servlet.http.HttpServletRequest)
2018-03-23 14:26:16 INFO  RequestMappingHandlerMapping:197 - Mapped "{[/vendor/list],methods=[GET],params=[],headers=[],consumes=[],produces=[],custom=[]}" onto public java.lang.Object com.aitacs.ams.controller.VendorController.getAll(javax.servlet.http.HttpServletRequest)
2018-03-23 14:26:16 INFO  RequestMappingHandlerMapping:197 - Mapped "{[/vendor/createVendor],methods=[POST],params=[],headers=[],consumes=[],produces=[],custom=[]}" onto public java.lang.Object com.aitacs.ams.controller.VendorController.createVendor(com.aitacs.ams.vo.VendorVO,javax.servlet.http.HttpServletRequest)
2018-03-23 14:26:16 INFO  RequestMappingHandlerMapping:197 - Mapped "{[/workprocessor/list],methods=[GET],params=[],headers=[],consumes=[],produces=[],custom=[]}" onto public java.lang.Object com.aitacs.ams.controller.WorkProcessorController.getAll(javax.servlet.http.HttpServletRequest)
2018-03-23 14:26:16 INFO  RequestMappingHandlerMapping:197 - Mapped "{[/WorkStation/list],methods=[GET],params=[],headers=[],consumes=[],produces=[],custom=[]}" onto public java.lang.Object com.aitacs.ams.controller.WorkSationController.getAll(javax.servlet.http.HttpServletRequest)
2018-03-23 14:26:16 INFO  RequestMappingHandlerMapping:197 - Mapped "{[/WorkStation/createWorkStation],methods=[POST],params=[],headers=[],consumes=[],produces=[],custom=[]}" onto public java.lang.Object com.aitacs.ams.controller.WorkSationController.createOrg(com.aitacs.ams.vo.WorkStationVO,javax.servlet.http.HttpServletRequest)
2018-03-23 14:26:16 INFO  RequestMappingHandlerMapping:197 - Mapped "{[/workstationotherdetails/list],methods=[GET],params=[],headers=[],consumes=[],produces=[],custom=[]}" onto public java.lang.Object com.aitacs.ams.controller.WorkStationOtherDetailsController.getAll(javax.servlet.http.HttpServletRequest)
2018-03-23 14:26:16 INFO  HibernateTransactionManager:339 - Using DataSource [org.springframework.jdbc.datasource.DriverManagerDataSource@6433b37e] of Hibernate SessionFactory for HibernateTransactionManager
2018-03-23 14:26:16 INFO  DispatcherServlet:498 - FrameworkServlet 'mvc-dispatcher': initialization completed in 3267 ms
