2017-11-19 13:59:38,100 [Worker-13] INFO  o.e.m.c.i.l.LifecycleMappingFactory - Using org.maven.ide.eclipse.wtp.WarLifecycleMapping lifecycle mapping for MavenProject: com.aitacs:AMSServices:1.0-SNAPSHOT @ D:\AitaProjects\Ams\amsservices\pom.xml.
2017-11-19 13:59:42,816 [Worker-8] WARN  o.e.m.c.i.embedder.EclipseLogger - Using platform encoding (Cp1252 actually) to copy filtered resources, i.e. build is platform dependent!
2017-11-19 13:59:42,827 [Worker-8] INFO  o.e.m.c.i.embedder.EclipseLogger - Copying 3 resources
2017-11-19 13:59:42,833 [Worker-8] WARN  o.e.m.c.i.embedder.EclipseLogger - Using platform encoding (Cp1252 actually) to copy filtered resources, i.e. build is platform dependent!
2017-11-19 13:59:42,855 [Worker-8] INFO  o.e.m.c.i.embedder.EclipseLogger - skip non existing resourceDirectory D:\AitaProjects\Ams\amsservices\src\test\resources
2017-11-19 14:03:42,595 [Worker-14] INFO  o.e.m.w.i.f.ResourceFilteringBuildParticipant - Cleaning filtered folder for amsservices
2017-11-19 14:03:44,976 [Worker-2] WARN  o.e.m.c.i.embedder.EclipseLogger - Using platform encoding (Cp1252 actually) to copy filtered resources, i.e. build is platform dependent!
2017-11-19 14:03:45,009 [Worker-2] INFO  o.e.m.c.i.embedder.EclipseLogger - Copying 3 resources
2017-11-19 14:03:45,049 [Worker-2] WARN  o.e.m.c.i.embedder.EclipseLogger - Using platform encoding (Cp1252 actually) to copy filtered resources, i.e. build is platform dependent!
2017-11-19 14:03:45,066 [Worker-2] INFO  o.e.m.c.i.embedder.EclipseLogger - skip non existing resourceDirectory D:\AitaProjects\Ams\amsservices\src\test\resources
2017-11-19 14:03:45,067 [Worker-2] INFO  o.e.m.w.i.f.ResourceFilteringBuildParticipant - Changed resources require a complete clean of filtered resources of amsservices
2017-11-19 14:03:45,068 [Worker-2] INFO  o.e.m.w.i.f.ResourceFilteringBuildParticipant - Executing resource filtering for amsservices
2017-11-19 14:03:45,079 [Worker-2] WARN  o.e.m.c.i.embedder.EclipseLogger - Using platform encoding (Cp1252 actually) to copy filtered resources, i.e. build is platform dependent!
2017-11-19 14:06:17,328 [Worker-7] WARN  o.e.m.c.i.embedder.EclipseLogger - Using platform encoding (Cp1252 actually) to copy filtered resources, i.e. build is platform dependent!
2017-11-19 14:06:17,360 [Worker-7] INFO  o.e.m.c.i.embedder.EclipseLogger - Copying 3 resources
2017-11-19 14:06:17,365 [Worker-7] WARN  o.e.m.c.i.embedder.EclipseLogger - Using platform encoding (Cp1252 actually) to copy filtered resources, i.e. build is platform dependent!
2017-11-19 14:06:17,476 [Worker-7] INFO  o.e.m.c.i.embedder.EclipseLogger - skip non existing resourceDirectory D:\AitaProjects\Ams\amsservices\src\test\resources
2017-11-19 14:07:06,462 [Worker-5] WARN  o.e.m.c.i.embedder.EclipseLogger - Using platform encoding (Cp1252 actually) to copy filtered resources, i.e. build is platform dependent!
2017-11-19 14:07:06,470 [Worker-5] INFO  o.e.m.c.i.embedder.EclipseLogger - Copying 3 resources
2017-11-19 14:07:06,471 [Worker-5] WARN  o.e.m.c.i.embedder.EclipseLogger - Using platform encoding (Cp1252 actually) to copy filtered resources, i.e. build is platform dependent!
2017-11-19 14:07:06,479 [Worker-5] INFO  o.e.m.c.i.embedder.EclipseLogger - skip non existing resourceDirectory D:\AitaProjects\Ams\amsservices\src\test\resources
2017-11-19 14:08:35,741 [Worker-23] WARN  o.e.m.c.i.embedder.EclipseLogger - Using platform encoding (Cp1252 actually) to copy filtered resources, i.e. build is platform dependent!
2017-11-19 14:08:35,881 [Worker-23] INFO  o.e.m.c.i.embedder.EclipseLogger - Copying 3 resources
2017-11-19 14:08:35,888 [Worker-23] WARN  o.e.m.c.i.embedder.EclipseLogger - Using platform encoding (Cp1252 actually) to copy filtered resources, i.e. build is platform dependent!
2017-11-19 14:08:35,947 [Worker-23] INFO  o.e.m.c.i.embedder.EclipseLogger - skip non existing resourceDirectory D:\AitaProjects\Ams\amsservices\src\test\resources
2017-11-21 14:17:37,895 [Worker-8] WARN  o.e.m.c.i.embedder.EclipseLogger - Using platform encoding (Cp1252 actually) to copy filtered resources, i.e. build is platform dependent!
2017-11-21 14:17:37,928 [Worker-8] INFO  o.e.m.c.i.embedder.EclipseLogger - Copying 3 resources
2017-11-21 14:17:37,938 [Worker-8] WARN  o.e.m.c.i.embedder.EclipseLogger - Using platform encoding (Cp1252 actually) to copy filtered resources, i.e. build is platform dependent!
2017-11-21 14:17:37,967 [Worker-8] INFO  o.e.m.c.i.embedder.EclipseLogger - skip non existing resourceDirectory D:\AitaProjects\Ams\amsservices\src\test\resources
2017-11-25 22:58:11,410 [Worker-25] WARN  o.e.m.c.i.embedder.EclipseLogger - Using platform encoding (Cp1252 actually) to copy filtered resources, i.e. build is platform dependent!
2017-11-25 22:58:11,424 [Worker-25] INFO  o.e.m.c.i.embedder.EclipseLogger - Copying 3 resources
2017-11-25 22:58:11,432 [Worker-25] WARN  o.e.m.c.i.embedder.EclipseLogger - Using platform encoding (Cp1252 actually) to copy filtered resources, i.e. build is platform dependent!
2017-11-25 22:58:11,437 [Worker-25] INFO  o.e.m.c.i.embedder.EclipseLogger - skip non existing resourceDirectory D:\AitaProjects\Ams\amsservices\src\test\resources
2017-12-09 16:18:19,980 [Worker-8] WARN  o.e.m.c.i.embedder.EclipseLogger - Using platform encoding (Cp1252 actually) to copy filtered resources, i.e. build is platform dependent!
2017-12-09 16:18:19,990 [Worker-8] INFO  o.e.m.c.i.embedder.EclipseLogger - Copying 3 resources
2017-12-09 16:18:19,995 [Worker-8] WARN  o.e.m.c.i.embedder.EclipseLogger - Using platform encoding (Cp1252 actually) to copy filtered resources, i.e. build is platform dependent!
2017-12-09 16:18:19,999 [Worker-8] INFO  o.e.m.c.i.embedder.EclipseLogger - skip non existing resourceDirectory D:\AitaProjects\Ams\amsservices\src\test\resources
2017-12-12 00:44:50,801 [Worker-27] INFO  o.e.m.w.i.f.ResourceFilteringBuildParticipant - Cleaning filtered folder for amsservices
2017-12-12 00:44:59,511 [Worker-29] WARN  o.e.m.c.i.embedder.EclipseLogger - Using platform encoding (Cp1252 actually) to copy filtered resources, i.e. build is platform dependent!
2017-12-12 00:44:59,522 [Worker-29] INFO  o.e.m.c.i.embedder.EclipseLogger - Copying 3 resources
2017-12-12 00:44:59,528 [Worker-29] WARN  o.e.m.c.i.embedder.EclipseLogger - Using platform encoding (Cp1252 actually) to copy filtered resources, i.e. build is platform dependent!
2017-12-12 00:44:59,535 [Worker-29] INFO  o.e.m.c.i.embedder.EclipseLogger - skip non existing resourceDirectory D:\AitaProjects\Ams\amsservices\src\test\resources
2017-12-12 00:44:59,537 [Worker-29] INFO  o.e.m.w.i.f.ResourceFilteringBuildParticipant - Changed resources require a complete clean of filtered resources of amsservices
2017-12-12 00:44:59,538 [Worker-29] INFO  o.e.m.w.i.f.ResourceFilteringBuildParticipant - Executing resource filtering for amsservices
2017-12-12 00:44:59,673 [Worker-29] WARN  o.e.m.c.i.embedder.EclipseLogger - Using platform encoding (Cp1252 actually) to copy filtered resources, i.e. build is platform dependent!
2017-12-12 00:45:07,307 [Worker-34] WARN  o.e.m.c.i.embedder.EclipseLogger - Using platform encoding (Cp1252 actually) to copy filtered resources, i.e. build is platform dependent!
2017-12-12 00:45:07,324 [Worker-34] INFO  o.e.m.c.i.embedder.EclipseLogger - Copying 3 resources
2017-12-12 00:45:07,325 [Worker-34] WARN  o.e.m.c.i.embedder.EclipseLogger - Using platform encoding (Cp1252 actually) to copy filtered resources, i.e. build is platform dependent!
2017-12-12 00:45:07,341 [Worker-34] INFO  o.e.m.c.i.embedder.EclipseLogger - skip non existing resourceDirectory D:\AitaProjects\Ams\amsservices\src\test\resources
2017-12-12 00:45:31,402 [Worker-29] WARN  o.e.m.c.i.embedder.EclipseLogger - Using platform encoding (Cp1252 actually) to copy filtered resources, i.e. build is platform dependent!
2017-12-12 00:45:31,416 [Worker-29] INFO  o.e.m.c.i.embedder.EclipseLogger - Copying 3 resources
2017-12-12 00:45:31,418 [Worker-29] WARN  o.e.m.c.i.embedder.EclipseLogger - Using platform encoding (Cp1252 actually) to copy filtered resources, i.e. build is platform dependent!
2017-12-12 00:45:31,426 [Worker-29] INFO  o.e.m.c.i.embedder.EclipseLogger - skip non existing resourceDirectory D:\AitaProjects\Ams\amsservices\src\test\resources
2017-12-12 00:45:44,731 [Worker-33] WARN  o.e.m.c.i.embedder.EclipseLogger - Using platform encoding (Cp1252 actually) to copy filtered resources, i.e. build is platform dependent!
2017-12-12 00:45:44,746 [Worker-33] INFO  o.e.m.c.i.embedder.EclipseLogger - Copying 3 resources
2017-12-12 00:45:44,747 [Worker-33] WARN  o.e.m.c.i.embedder.EclipseLogger - Using platform encoding (Cp1252 actually) to copy filtered resources, i.e. build is platform dependent!
2017-12-12 00:45:44,755 [Worker-33] INFO  o.e.m.c.i.embedder.EclipseLogger - skip non existing resourceDirectory D:\AitaProjects\Ams\amsservices\src\test\resources
2017-12-12 00:45:58,624 [Worker-32] WARN  o.e.m.c.i.embedder.EclipseLogger - Using platform encoding (Cp1252 actually) to copy filtered resources, i.e. build is platform dependent!
2017-12-12 00:45:58,631 [Worker-32] INFO  o.e.m.c.i.embedder.EclipseLogger - Copying 3 resources
2017-12-12 00:45:58,633 [Worker-32] WARN  o.e.m.c.i.embedder.EclipseLogger - Using platform encoding (Cp1252 actually) to copy filtered resources, i.e. build is platform dependent!
2017-12-12 00:45:58,640 [Worker-32] INFO  o.e.m.c.i.embedder.EclipseLogger - skip non existing resourceDirectory D:\AitaProjects\Ams\amsservices\src\test\resources
2017-12-16 12:53:18,803 [Worker-6] WARN  o.e.m.c.i.embedder.EclipseLogger - Using platform encoding (Cp1252 actually) to copy filtered resources, i.e. build is platform dependent!
2017-12-16 12:53:18,815 [Worker-6] INFO  o.e.m.c.i.embedder.EclipseLogger - Copying 3 resources
2017-12-16 12:53:18,820 [Worker-6] WARN  o.e.m.c.i.embedder.EclipseLogger - Using platform encoding (Cp1252 actually) to copy filtered resources, i.e. build is platform dependent!
2017-12-16 12:53:18,826 [Worker-6] INFO  o.e.m.c.i.embedder.EclipseLogger - skip non existing resourceDirectory D:\AitaProjects\Ams\amsservices\src\test\resources
2018-02-07 20:13:34,649 [Worker-19] WARN  o.e.m.c.i.embedder.EclipseLogger - Using platform encoding (Cp1252 actually) to copy filtered resources, i.e. build is platform dependent!
2018-02-07 20:13:34,660 [Worker-19] INFO  o.e.m.c.i.embedder.EclipseLogger - Copying 3 resources
2018-02-07 20:13:34,666 [Worker-19] WARN  o.e.m.c.i.embedder.EclipseLogger - Using platform encoding (Cp1252 actually) to copy filtered resources, i.e. build is platform dependent!
2018-02-07 20:13:34,670 [Worker-19] INFO  o.e.m.c.i.embedder.EclipseLogger - skip non existing resourceDirectory D:\AitaProjects\Ams\amsservices\src\test\resources
2018-03-21 10:17:20,905 [Worker-21] WARN  o.e.m.c.i.embedder.EclipseLogger - Using platform encoding (Cp1252 actually) to copy filtered resources, i.e. build is platform dependent!
2018-03-21 10:17:20,924 [Worker-21] INFO  o.e.m.c.i.embedder.EclipseLogger - Copying 3 resources
2018-03-21 10:17:20,931 [Worker-21] WARN  o.e.m.c.i.embedder.EclipseLogger - Using platform encoding (Cp1252 actually) to copy filtered resources, i.e. build is platform dependent!
2018-03-21 10:17:20,938 [Worker-21] INFO  o.e.m.c.i.embedder.EclipseLogger - skip non existing resourceDirectory D:\AitaProjects\Ams\amsservices\src\test\resources
2018-03-21 16:41:18,593 [Worker-21] WARN  o.e.m.c.i.embedder.EclipseLogger - Using platform encoding (Cp1252 actually) to copy filtered resources, i.e. build is platform dependent!
2018-03-21 16:41:18,608 [Worker-21] INFO  o.e.m.c.i.embedder.EclipseLogger - Copying 3 resources
2018-03-21 16:41:18,615 [Worker-21] WARN  o.e.m.c.i.embedder.EclipseLogger - Using platform encoding (Cp1252 actually) to copy filtered resources, i.e. build is platform dependent!
2018-03-21 16:41:18,622 [Worker-21] INFO  o.e.m.c.i.embedder.EclipseLogger - skip non existing resourceDirectory D:\AitaProjects\Ams\amsservices\src\test\resources
2018-03-23 13:18:58,290 [Worker-17] WARN  o.e.m.c.i.embedder.EclipseLogger - Using platform encoding (Cp1252 actually) to copy filtered resources, i.e. build is platform dependent!
2018-03-23 13:18:58,305 [Worker-17] INFO  o.e.m.c.i.embedder.EclipseLogger - Copying 3 resources
2018-03-23 13:18:58,310 [Worker-17] WARN  o.e.m.c.i.embedder.EclipseLogger - Using platform encoding (Cp1252 actually) to copy filtered resources, i.e. build is platform dependent!
2018-03-23 13:18:58,315 [Worker-17] INFO  o.e.m.c.i.embedder.EclipseLogger - skip non existing resourceDirectory D:\AitaProjects\Ams\amsservices\src\test\resources
2018-03-24 23:44:02,509 [Worker-12] WARN  o.e.m.c.i.embedder.EclipseLogger - Using platform encoding (Cp1252 actually) to copy filtered resources, i.e. build is platform dependent!
2018-03-24 23:44:02,522 [Worker-12] INFO  o.e.m.c.i.embedder.EclipseLogger - Copying 3 resources
2018-03-24 23:44:02,529 [Worker-12] WARN  o.e.m.c.i.embedder.EclipseLogger - Using platform encoding (Cp1252 actually) to copy filtered resources, i.e. build is platform dependent!
2018-03-24 23:44:02,539 [Worker-12] INFO  o.e.m.c.i.embedder.EclipseLogger - skip non existing resourceDirectory D:\AitaProjects\Ams\amsservices\src\test\resources
2018-03-27 06:46:54,775 [Worker-0] WARN  o.e.m.c.i.embedder.EclipseLogger - Using platform encoding (Cp1252 actually) to copy filtered resources, i.e. build is platform dependent!
2018-03-27 06:46:54,785 [Worker-0] INFO  o.e.m.c.i.embedder.EclipseLogger - Copying 3 resources
2018-03-27 06:46:54,790 [Worker-0] WARN  o.e.m.c.i.embedder.EclipseLogger - Using platform encoding (Cp1252 actually) to copy filtered resources, i.e. build is platform dependent!
2018-03-27 06:46:54,794 [Worker-0] INFO  o.e.m.c.i.embedder.EclipseLogger - skip non existing resourceDirectory D:\AitaProjects\Ams\amsservices\src\test\resources
2018-03-27 06:57:31,932 [Worker-29] INFO  o.e.m.c.i.e.AbstractTransferListenerAdapter - Downloading https://repo.maven.apache.org/maven2/org/hibernate/hibernate-core/4.3.5.Final/hibernate-core-4.3.5.Final-sources.jar
2018-03-27 06:57:32,598 [Worker-29] INFO  o.e.m.c.i.e.AbstractTransferListenerAdapter - Downloaded https://repo.maven.apache.org/maven2/org/hibernate/hibernate-core/4.3.5.Final/hibernate-core-4.3.5.Final-sources.jar
2018-03-27 06:57:32,837 [Worker-29] INFO  o.e.m.j.internal.DownloadSourcesJob - Downloaded sources for org.hibernate:hibernate-core:4.3.5.Final
2018-03-27 06:57:33,127 [Worker-15] WARN  o.e.m.c.i.embedder.EclipseLogger - Using platform encoding (Cp1252 actually) to copy filtered resources, i.e. build is platform dependent!
2018-03-27 06:57:33,269 [Worker-15] INFO  o.e.m.c.i.embedder.EclipseLogger - Copying 1 resource
2018-03-27 06:57:33,270 [Worker-15] WARN  o.e.m.c.i.embedder.EclipseLogger - Using platform encoding (Cp1252 actually) to copy filtered resources, i.e. build is platform dependent!
2018-03-27 06:57:33,305 [Worker-15] INFO  o.e.m.c.i.embedder.EclipseLogger - skip non existing resourceDirectory D:\AitaProjects\Ams\amsservices\src\test\resources
2018-03-27 06:57:34,001 [Worker-24] INFO  o.e.m.j.internal.DownloadSourcesJob - Downloaded sources for org.hibernate:hibernate-core:4.3.5.Final
2018-03-27 06:57:34,366 [Worker-30] WARN  o.e.m.c.i.embedder.EclipseLogger - Using platform encoding (Cp1252 actually) to copy filtered resources, i.e. build is platform dependent!
2018-03-27 06:57:34,373 [Worker-30] INFO  o.e.m.c.i.embedder.EclipseLogger - Copying 0 resource
2018-03-27 06:57:34,374 [Worker-30] WARN  o.e.m.c.i.embedder.EclipseLogger - Using platform encoding (Cp1252 actually) to copy filtered resources, i.e. build is platform dependent!
2018-03-27 06:57:34,381 [Worker-30] INFO  o.e.m.c.i.embedder.EclipseLogger - skip non existing resourceDirectory D:\AitaProjects\Ams\amsservices\src\test\resources
2018-03-27 07:10:02,845 [Worker-15] WARN  o.e.m.c.i.embedder.EclipseLogger - Using platform encoding (Cp1252 actually) to copy filtered resources, i.e. build is platform dependent!
2018-03-27 07:10:02,858 [Worker-15] INFO  o.e.m.c.i.embedder.EclipseLogger - Copying 0 resource
2018-03-27 07:10:02,859 [Worker-15] WARN  o.e.m.c.i.embedder.EclipseLogger - Using platform encoding (Cp1252 actually) to copy filtered resources, i.e. build is platform dependent!
2018-03-27 07:10:02,871 [Worker-15] INFO  o.e.m.c.i.embedder.EclipseLogger - skip non existing resourceDirectory D:\AitaProjects\Ams\amsservices\src\test\resources
2018-03-27 07:10:31,246 [Worker-34] WARN  o.e.m.c.i.embedder.EclipseLogger - Using platform encoding (Cp1252 actually) to copy filtered resources, i.e. build is platform dependent!
2018-03-27 07:10:31,263 [Worker-34] INFO  o.e.m.c.i.embedder.EclipseLogger - Copying 0 resource
2018-03-27 07:10:31,264 [Worker-34] WARN  o.e.m.c.i.embedder.EclipseLogger - Using platform encoding (Cp1252 actually) to copy filtered resources, i.e. build is platform dependent!
2018-03-27 07:10:31,286 [Worker-34] INFO  o.e.m.c.i.embedder.EclipseLogger - skip non existing resourceDirectory D:\AitaProjects\Ams\amsservices\src\test\resources
2018-03-28 09:40:27,131 [Worker-7] WARN  o.e.m.c.i.embedder.EclipseLogger - Using platform encoding (Cp1252 actually) to copy filtered resources, i.e. build is platform dependent!
2018-03-28 09:40:27,147 [Worker-7] INFO  o.e.m.c.i.embedder.EclipseLogger - Copying 3 resources
2018-03-28 09:40:27,155 [Worker-7] WARN  o.e.m.c.i.embedder.EclipseLogger - Using platform encoding (Cp1252 actually) to copy filtered resources, i.e. build is platform dependent!
2018-03-28 09:40:27,161 [Worker-7] INFO  o.e.m.c.i.embedder.EclipseLogger - skip non existing resourceDirectory D:\AitaProjects\Ams\amsservices\src\test\resources
